[2020-09-16 17:48:24,143] INFO:  Starting
[2020-09-16 17:48:24,143] INFO:  Scraping site: breitbart
[2020-09-16 17:48:46,526] INFO:  Starting
[2020-09-16 17:48:46,526] INFO:  Scraping site: breitbart
[2020-09-16 17:48:46,526] INFO:  Saving data to data/breitbart
[2020-09-16 17:49:17,077] INFO:  Starting
[2020-09-16 17:49:17,077] INFO:  Scraping site: breitbart
[2020-09-16 17:49:17,077] INFO:  Saving data to data/breitbart
[2020-09-16 17:49:17,077] INFO:  Scrape depth 0. Scraping 1 pages
[2020-09-16 17:51:08,508] INFO:  Starting
[2020-09-16 17:51:08,508] INFO:  Scraping site: breitbart
[2020-09-16 17:51:08,509] INFO:  Saving data to data/breitbart
[2020-09-16 17:51:08,509] INFO:  Scrape depth 0. Scraping 1 pages
[2020-09-16 17:51:08,641] INFO:  Found 393 links
[2020-09-16 17:51:08,642] INFO:  Scrape depth 1. Scraping 278 pages
[2020-09-16 17:51:09,432] INFO:  Found 120 links
[2020-09-16 17:51:09,526] INFO:  Found 112 links
[2020-09-16 17:51:09,761] INFO:  Found 212 links
[2020-09-16 17:51:09,845] INFO:  Found 116 links
[2020-09-16 17:51:10,040] INFO:  Found 115 links
[2020-09-16 17:51:10,247] INFO:  Found 117 links
[2020-09-16 17:51:10,448] INFO:  Found 126 links
[2020-09-16 17:51:10,710] INFO:  Found 118 links
[2020-09-16 17:51:10,971] INFO:  Found 121 links
[2020-09-16 17:51:12,450] INFO:  Found 157 links
[2020-09-16 17:51:12,614] INFO:  Found 130 links
[2020-09-16 17:51:12,849] INFO:  Found 114 links
[2020-09-16 17:51:13,442] INFO:  Found 111 links
[2020-09-16 17:51:13,542] INFO:  Found 113 links
[2020-09-16 17:51:13,671] INFO:  Found 118 links
[2020-09-16 17:51:14,950] INFO:  Found 113 links
[2020-09-16 17:51:15,046] INFO:  Found 121 links
[2020-09-16 17:51:16,824] INFO:  Found 157 links
[2020-09-16 17:51:18,478] INFO:  Found 157 links
[2020-09-16 17:51:18,750] INFO:  Found 117 links
[2020-09-16 17:51:19,554] INFO:  Found 69 links
[2020-09-16 17:51:20,794] INFO:  Found 113 links
[2020-09-16 17:51:20,886] INFO:  Found 112 links
[2020-09-16 17:51:20,987] INFO:  Found 113 links
[2020-09-16 17:51:21,092] INFO:  Found 120 links
[2020-09-16 17:51:22,033] INFO:  Found 123 links
[2020-09-16 17:51:22,196] INFO:  Found 115 links
[2020-09-16 17:51:22,299] INFO:  Found 119 links
[2020-09-16 17:51:23,262] INFO:  Found 121 links
[2020-09-16 17:51:23,354] INFO:  Found 118 links
[2020-09-16 17:51:23,456] INFO:  Found 123 links
[2020-09-16 17:51:24,172] INFO:  Found 100 links
[2020-09-16 17:51:24,323] INFO:  Found 0 links
[2020-09-16 17:51:24,411] INFO:  Found 120 links
[2020-09-16 17:51:24,509] INFO:  Found 122 links
[2020-09-16 17:51:25,713] INFO:  Found 111 links
[2020-09-16 17:51:26,946] INFO:  Found 118 links
[2020-09-16 17:51:27,042] INFO:  Found 115 links
[2020-09-16 17:51:27,148] INFO:  Found 116 links
[2020-09-16 17:51:28,797] INFO:  Found 157 links
[2020-09-16 17:51:28,928] INFO:  Found 114 links
[2020-09-16 17:51:29,199] INFO:  Found 119 links
[2020-09-16 17:51:29,845] INFO:  Found 121 links
[2020-09-16 17:51:30,515] INFO:  Found 112 links
[2020-09-16 17:51:30,628] INFO:  Found 131 links
[2020-09-16 17:51:30,772] INFO:  Found 122 links
[2020-09-16 17:51:31,050] INFO:  Found 117 links
[2020-09-16 17:51:31,882] INFO:  Found 157 links
[2020-09-16 17:51:32,778] INFO:  Found 120 links
[2020-09-16 17:51:33,088] INFO:  Found 110 links
[2020-09-16 17:51:33,744] INFO:  Found 116 links
[2020-09-16 17:51:34,036] INFO:  Found 111 links
[2020-09-16 17:51:34,944] INFO:  Found 187 links
[2020-09-16 17:51:35,036] INFO:  Found 120 links
[2020-09-16 17:51:35,140] INFO:  Found 121 links
[2020-09-16 17:51:35,437] INFO:  Found 117 links
[2020-09-16 17:51:36,154] INFO:  Found 113 links
[2020-09-16 17:51:38,010] INFO:  Found 157 links
[2020-09-16 17:51:38,116] INFO:  Found 115 links
[2020-09-16 17:51:39,869] INFO:  Found 157 links
[2020-09-16 17:51:40,102] INFO:  Found 128 links
[2020-09-16 17:51:40,442] INFO:  Found 120 links
[2020-09-16 17:51:40,659] INFO:  Found 131 links
[2020-09-16 17:51:40,855] INFO:  Found 108 links
[2020-09-16 17:51:41,057] INFO:  Found 112 links
[2020-09-16 17:51:41,218] INFO:  Found 124 links
[2020-09-16 17:51:41,353] INFO:  Found 121 links
[2020-09-16 17:51:41,523] INFO:  Found 108 links
[2020-09-16 17:51:41,787] INFO:  Found 118 links
[2020-09-16 17:51:41,982] INFO:  Found 115 links
[2020-09-16 17:51:42,502] INFO:  Found 130 links
[2020-09-16 17:51:42,725] INFO:  Found 58 links
[2020-09-16 17:51:42,958] INFO:  Found 187 links
[2020-09-16 17:51:43,084] INFO:  Found 121 links
[2020-09-16 17:51:43,334] INFO:  Found 157 links
[2020-09-16 17:51:43,455] INFO:  Found 118 links
[2020-09-16 17:51:43,679] INFO:  Found 119 links
[2020-09-16 17:51:43,933] INFO:  Found 116 links
[2020-09-16 17:51:44,243] INFO:  Found 116 links
[2020-09-16 17:51:44,388] INFO:  Found 126 links
[2020-09-16 17:51:44,575] INFO:  Found 117 links
[2020-09-16 17:51:46,051] INFO:  Found 33 links
[2020-09-16 17:51:46,237] INFO:  Found 118 links
[2020-09-16 17:51:46,387] INFO:  Found 117 links
[2020-09-16 17:51:47,286] INFO:  Found 119 links
[2020-09-16 17:51:47,457] INFO:  Found 123 links
[2020-09-16 17:51:48,221] INFO:  Found 158 links
[2020-09-16 17:51:48,400] INFO:  Found 120 links
[2020-09-16 17:51:48,571] INFO:  Found 111 links
[2020-09-16 17:51:48,872] INFO:  Found 157 links
[2020-09-16 17:51:49,162] INFO:  Found 114 links
[2020-09-16 17:51:49,257] INFO:  Found 117 links
[2020-09-16 17:51:49,994] INFO:  Found 187 links
[2020-09-16 17:51:50,091] INFO:  Found 117 links
[2020-09-16 17:51:50,290] INFO:  Found 118 links
[2020-09-16 17:51:50,490] INFO:  Found 119 links
[2020-09-16 17:51:51,522] INFO:  Found 98 links
[2020-09-16 17:51:51,620] INFO:  Found 112 links
[2020-09-16 17:51:51,823] INFO:  Found 117 links
[2020-09-16 17:51:52,031] INFO:  Found 122 links
[2020-09-16 17:51:53,055] INFO:  Found 113 links
[2020-09-16 17:51:53,268] INFO:  Found 137 links
[2020-09-16 17:51:53,455] INFO:  Found 123 links
[2020-09-16 17:51:53,561] INFO:  Found 132 links
[2020-09-16 17:51:53,653] INFO:  Found 116 links
[2020-09-16 17:51:53,870] INFO:  Found 123 links
[2020-09-16 17:51:54,097] INFO:  Found 210 links
[2020-09-16 17:51:54,189] INFO:  Found 130 links
[2020-09-16 17:51:54,349] INFO:  Found 122 links
[2020-09-16 17:51:54,535] INFO:  Found 120 links
[2020-09-16 17:51:54,810] INFO:  Found 184 links
[2020-09-16 17:51:55,521] INFO:  Found 70 links
[2020-09-16 17:51:55,684] INFO:  Found 58 links
[2020-09-16 17:51:55,783] INFO:  Found 110 links
[2020-09-16 17:51:55,893] INFO:  Found 116 links
[2020-09-16 17:51:55,995] INFO:  Found 119 links
[2020-09-16 17:51:56,102] INFO:  Found 123 links
[2020-09-16 17:51:58,604] INFO:  Found 157 links
[2020-09-16 17:52:00,473] INFO:  Found 184 links
[2020-09-16 17:52:00,574] INFO:  Found 117 links
[2020-09-16 17:52:00,843] INFO:  Found 117 links
[2020-09-16 17:52:01,037] INFO:  Found 112 links
[2020-09-16 17:52:03,179] INFO:  Found 70 links
[2020-09-16 17:52:03,393] INFO:  Found 121 links
[2020-09-16 17:52:03,501] INFO:  Found 121 links
[2020-09-16 17:52:03,706] INFO:  Found 119 links
[2020-09-16 17:52:03,928] INFO:  Found 217 links
[2020-09-16 17:52:04,042] INFO:  Found 106 links
[2020-09-16 17:52:04,137] INFO:  Found 120 links
[2020-09-16 17:52:04,233] INFO:  Found 115 links
[2020-09-16 17:52:05,031] INFO:  Found 124 links
[2020-09-16 17:52:05,243] INFO:  Found 123 links
[2020-09-16 17:52:05,329] INFO:  Found 113 links
[2020-09-16 17:52:05,440] INFO:  Found 121 links
[2020-09-16 17:52:06,282] INFO:  Found 188 links
[2020-09-16 17:52:06,479] INFO:  Found 114 links
[2020-09-16 17:52:08,735] INFO:  Found 157 links
[2020-09-16 17:52:09,637] INFO:  Found 73 links
[2020-09-16 17:52:09,846] INFO:  Found 123 links
[2020-09-16 17:52:10,074] INFO:  Found 121 links
[2020-09-16 17:52:10,403] INFO:  Found 123 links
[2020-09-16 17:52:10,493] INFO:  Found 116 links
[2020-09-16 17:52:12,464] INFO:  Found 157 links
[2020-09-16 17:52:12,571] INFO:  Found 110 links
[2020-09-16 17:52:12,828] INFO:  Found 136 links
[2020-09-16 17:52:13,656] INFO:  Found 157 links
[2020-09-16 17:52:13,931] INFO:  Found 70 links
[2020-09-16 17:52:14,029] INFO:  Found 111 links
[2020-09-16 17:52:14,129] INFO:  Found 118 links
[2020-09-16 17:52:16,449] INFO:  Found 157 links
[2020-09-16 17:52:16,618] INFO:  Found 123 links
[2020-09-16 17:52:17,626] INFO:  Found 114 links
[2020-09-16 17:52:17,746] INFO:  Found 130 links
[2020-09-16 17:52:18,236] INFO:  Found 70 links
[2020-09-16 17:52:18,334] INFO:  Found 121 links
[2020-09-16 17:52:18,430] INFO:  Found 118 links
[2020-09-16 17:52:18,572] INFO:  Found 119 links
[2020-09-16 17:52:18,693] INFO:  Found 111 links
[2020-09-16 17:52:18,793] INFO:  Found 118 links
[2020-09-16 17:52:18,900] INFO:  Found 119 links
[2020-09-16 17:52:19,002] INFO:  Found 123 links
[2020-09-16 17:52:19,266] INFO:  Found 118 links
[2020-09-16 17:52:19,367] INFO:  Found 111 links
[2020-09-16 17:52:20,083] INFO:  Found 116 links
[2020-09-16 17:52:20,290] INFO:  Found 118 links
[2020-09-16 17:52:20,375] INFO:  Found 119 links
[2020-09-16 17:52:20,610] INFO:  Found 115 links
[2020-09-16 17:52:21,626] INFO:  Found 168 links
[2020-09-16 17:52:21,838] INFO:  Found 187 links
[2020-09-16 17:52:22,239] INFO:  Found 119 links
[2020-09-16 17:52:22,446] INFO:  Found 121 links
[2020-09-16 17:52:22,537] INFO:  Found 117 links
[2020-09-16 17:52:22,646] INFO:  Found 120 links
[2020-09-16 17:53:02,381] INFO:  Found 0 links
[2020-09-16 17:53:02,523] INFO:  Found 119 links
[2020-09-16 17:53:02,643] INFO:  Found 136 links
[2020-09-16 17:53:02,890] INFO:  Found 110 links
[2020-09-16 17:53:03,002] INFO:  Found 187 links
[2020-09-16 17:53:04,655] INFO:  Found 157 links
[2020-09-16 17:53:04,942] INFO:  Found 112 links
[2020-09-16 17:53:05,162] INFO:  Found 122 links
[2020-09-16 17:53:05,379] INFO:  Found 125 links
[2020-09-16 17:53:05,798] INFO:  Found 187 links
[2020-09-16 17:53:06,090] INFO:  Found 113 links
[2020-09-16 17:53:06,400] INFO:  Found 109 links
[2020-09-16 17:53:06,594] INFO:  Found 112 links
[2020-09-16 17:53:07,403] INFO:  Found 117 links
[2020-09-16 17:53:08,338] INFO:  Found 194 links
[2020-09-16 17:53:08,628] INFO:  Found 119 links
[2020-09-16 17:53:08,835] INFO:  Found 122 links
[2020-09-16 17:53:09,032] INFO:  Found 113 links
[2020-09-16 17:53:09,578] INFO:  Found 81 links
[2020-09-16 17:53:09,871] INFO:  Found 157 links
[2020-09-16 17:53:11,063] INFO:  Found 1 links
[2020-09-16 17:53:11,367] INFO:  Found 202 links
[2020-09-16 17:53:11,614] INFO:  Found 190 links
[2020-09-16 17:53:11,724] INFO:  Found 129 links
[2020-09-16 17:53:12,458] INFO:  Found 125 links
[2020-09-16 17:53:12,559] INFO:  Found 123 links
[2020-09-16 17:53:12,699] INFO:  Found 123 links
[2020-09-16 17:53:12,798] INFO:  Found 119 links
[2020-09-16 17:53:13,037] INFO:  Found 118 links
[2020-09-16 17:53:13,538] INFO:  Found 119 links
[2020-09-16 17:53:13,633] INFO:  Found 114 links
[2020-09-16 17:53:13,742] INFO:  Found 121 links
[2020-09-16 17:53:13,888] INFO:  Found 124 links
[2020-09-16 17:53:14,002] INFO:  Found 122 links
[2020-09-16 17:53:15,072] INFO:  Found 117 links
[2020-09-16 17:53:15,175] INFO:  Found 133 links
[2020-09-16 17:53:15,274] INFO:  Found 126 links
[2020-09-16 17:53:15,367] INFO:  Found 116 links
[2020-09-16 17:53:15,772] INFO:  Found 187 links
[2020-09-16 17:53:16,010] INFO:  Found 193 links
[2020-09-16 17:53:18,546] INFO:  Found 184 links
[2020-09-16 17:53:18,680] INFO:  Found 110 links
[2020-09-16 17:53:18,782] INFO:  Found 136 links
[2020-09-16 17:53:18,949] INFO:  Found 113 links
[2020-09-16 17:53:19,690] INFO:  Found 124 links
[2020-09-16 17:53:20,507] INFO:  Found 118 links
[2020-09-16 17:53:21,858] INFO:  Found 200 links
[2020-09-16 17:53:21,994] INFO:  Found 123 links
[2020-09-16 17:53:22,126] INFO:  Found 137 links
[2020-09-16 17:53:22,356] INFO:  Found 120 links
[2020-09-16 17:53:22,478] INFO:  Found 124 links
[2020-09-16 17:53:22,681] INFO:  Found 114 links
[2020-09-16 17:53:22,817] INFO:  Found 120 links
[2020-09-16 17:53:22,924] INFO:  Found 125 links
[2020-09-16 17:53:23,074] INFO:  Found 123 links
[2020-09-16 17:53:24,921] INFO:  Found 157 links
[2020-09-16 17:53:25,139] INFO:  Found 113 links
[2020-09-16 17:53:25,281] INFO:  Found 136 links
[2020-09-16 17:53:25,386] INFO:  Found 112 links
[2020-09-16 17:53:25,617] INFO:  Found 121 links
[2020-09-16 17:53:25,749] INFO:  Found 125 links
[2020-09-16 17:53:25,892] INFO:  Found 123 links
[2020-09-16 17:53:25,991] INFO:  Found 118 links
[2020-09-16 17:53:26,180] INFO:  Found 127 links
[2020-09-16 17:53:26,283] INFO:  Found 119 links
[2020-09-16 17:53:27,375] INFO:  Found 0 links
[2020-09-16 17:53:27,690] INFO:  Found 157 links
[2020-09-16 17:53:27,978] INFO:  Found 115 links
[2020-09-16 17:53:29,215] INFO:  Found 72 links
[2020-09-16 17:53:30,258] INFO:  Found 76 links
[2020-09-16 17:53:30,392] INFO:  Found 393 links
[2020-09-16 17:53:30,634] INFO:  Found 122 links
[2020-09-16 17:53:30,730] INFO:  Found 113 links
[2020-09-16 17:53:30,823] INFO:  Found 110 links
[2020-09-16 17:53:30,922] INFO:  Found 130 links
[2020-09-16 17:53:31,019] INFO:  Found 118 links
[2020-09-16 17:53:31,149] INFO:  Found 118 links
[2020-09-16 17:53:31,363] INFO:  Found 118 links
[2020-09-16 17:53:31,459] INFO:  Found 117 links
[2020-09-16 17:53:31,580] INFO:  Found 187 links
[2020-09-16 17:53:31,674] INFO:  Found 118 links
[2020-09-16 17:53:31,775] INFO:  Found 117 links
[2020-09-16 17:53:31,877] INFO:  Found 132 links
[2020-09-16 17:53:31,993] INFO:  Found 123 links
[2020-09-16 17:53:32,103] INFO:  Found 119 links
[2020-09-16 17:53:32,381] INFO:  Found 120 links
[2020-09-16 17:53:32,491] INFO:  Found 112 links
[2020-09-16 17:53:32,587] INFO:  Found 117 links
[2020-09-16 17:53:32,766] INFO:  Found 127 links
[2020-09-16 17:53:32,857] INFO:  Found 120 links
[2020-09-16 17:53:33,093] INFO:  Found 118 links
[2020-09-16 17:53:33,236] INFO:  Found 118 links
[2020-09-16 17:53:33,364] INFO:  Found 184 links
[2020-09-16 17:53:33,467] INFO:  Found 128 links
[2020-09-16 17:53:35,448] INFO:  Found 157 links
[2020-09-16 17:53:35,659] INFO:  Found 113 links
[2020-09-16 17:53:35,859] INFO:  Found 117 links
[2020-09-16 17:53:35,993] INFO:  Found 128 links
[2020-09-16 17:53:36,127] INFO:  Found 133 links
[2020-09-16 17:53:36,216] INFO:  Found 120 links
[2020-09-16 17:53:37,211] INFO:  Found 122 links
[2020-09-16 17:53:37,303] INFO:  Found 119 links
[2020-09-16 17:53:37,407] INFO:  Found 114 links
[2020-09-16 17:53:39,418] INFO:  Found 187 links
[2020-09-16 17:53:39,625] INFO:  Found 121 links
[2020-09-16 17:53:39,625] INFO:  Scrape depth 2. Scraping 1557 pages
[2020-09-16 17:53:41,309] INFO:  Found 128 links
[2020-09-16 17:53:41,478] INFO:  Found 117 links
[2020-09-16 17:53:41,728] INFO:  Found 114 links
[2020-09-16 17:53:43,066] INFO:  Found 146 links
[2020-09-16 17:53:44,874] INFO:  Found 123 links
[2020-09-16 17:53:47,379] INFO:  Found 157 links
[2020-09-16 17:53:48,535] INFO:  Found 113 links
[2020-09-16 17:53:50,923] INFO:  Found 187 links
[2020-09-16 17:53:53,213] INFO:  Found 187 links
[2020-09-16 17:53:54,330] INFO:  Found 125 links
[2020-09-16 17:53:55,089] INFO:  Found 114 links
[2020-09-16 17:53:56,096] INFO:  Found 115 links
[2020-09-16 17:53:57,727] INFO:  Found 117 links
[2020-09-16 17:53:59,147] INFO:  Found 140 links
[2020-09-16 17:54:03,316] INFO:  Found 188 links
[2020-09-16 17:54:05,128] INFO:  Found 119 links
[2020-09-16 17:54:06,059] INFO:  Found 112 links
[2020-09-16 17:54:08,816] INFO:  Found 119 links
[2020-09-16 17:54:10,999] INFO:  Found 187 links
[2020-09-16 17:54:13,190] INFO:  Found 184 links
[2020-09-16 17:54:14,960] INFO:  Found 113 links
[2020-09-16 17:54:16,499] INFO:  Found 119 links
[2020-09-16 17:54:17,729] INFO:  Found 114 links
[2020-09-16 17:54:21,225] INFO:  Found 187 links
[2020-09-16 17:54:22,142] INFO:  Found 140 links
[2020-09-16 17:54:22,946] INFO:  Found 122 links
[2020-09-16 17:54:25,726] INFO:  Found 187 links
[2020-09-16 17:54:27,881] INFO:  Found 124 links
[2020-09-16 17:54:29,097] INFO:  Found 133 links
[2020-09-16 17:54:30,020] INFO:  Found 114 links
[2020-09-16 17:54:32,491] INFO:  Found 187 links
[2020-09-16 17:54:33,699] INFO:  Found 112 links
[2020-09-16 17:54:34,928] INFO:  Found 119 links
[2020-09-16 17:54:36,482] INFO:  Found 158 links
[2020-09-16 17:54:38,325] INFO:  Found 114 links
[2020-09-16 17:54:38,429] INFO:  Found 120 links
[2020-09-16 17:54:39,552] INFO:  Found 117 links
[2020-09-16 17:54:43,252] INFO:  Found 187 links
[2020-09-16 17:54:47,551] INFO:  Found 186 links
[2020-09-16 17:54:50,294] INFO:  Found 123 links
[2020-09-16 17:54:51,830] INFO:  Found 118 links
[2020-09-16 17:54:54,303] INFO:  Found 187 links
[2020-09-16 17:54:55,509] INFO:  Found 112 links
[2020-09-16 17:54:56,739] INFO:  Found 124 links
[2020-09-16 17:54:57,969] INFO:  Found 125 links
[2020-09-16 17:55:00,153] INFO:  Found 187 links
[2020-09-16 17:55:01,050] INFO:  Found 120 links
[2020-09-16 17:55:02,276] INFO:  Found 128 links
[2020-09-16 17:55:04,932] INFO:  Found 187 links
[2020-09-16 17:55:08,168] INFO:  Found 166 links
[2020-09-16 17:55:09,377] INFO:  Found 114 links
[2020-09-16 17:55:10,924] INFO:  Found 177 links
[2020-09-16 17:55:12,011] INFO:  Found 123 links
[2020-09-16 17:55:13,966] INFO:  Found 184 links
[2020-09-16 17:55:15,814] INFO:  Found 111 links
[2020-09-16 17:55:21,342] INFO:  Found 187 links
[2020-09-16 17:55:22,059] INFO:  Found 120 links
[2020-09-16 17:55:23,161] INFO:  Found 118 links
[2020-09-16 17:55:24,853] INFO:  Found 112 links
[2020-09-16 17:55:27,514] INFO:  Found 186 links
[2020-09-16 17:55:29,470] INFO:  Found 157 links
[2020-09-16 17:55:30,960] INFO:  Found 113 links
[2020-09-16 17:55:31,743] INFO:  Found 121 links
[2020-09-16 17:55:33,067] INFO:  Found 191 links
[2020-09-16 17:55:37,940] INFO:  Found 118 links
[2020-09-16 17:55:42,559] INFO:  Found 113 links
[2020-09-16 17:55:44,685] INFO:  Found 117 links
[2020-09-16 17:55:47,452] INFO:  Found 102 links
[2020-09-16 17:55:48,916] INFO:  Found 115 links
[2020-09-16 17:55:49,191] INFO:  Found 120 links
[2020-09-16 17:55:49,603] INFO:  Found 119 links
[2020-09-16 17:55:51,769] INFO:  Found 187 links
[2020-09-16 17:55:52,672] INFO:  Found 131 links
[2020-09-16 17:55:54,549] INFO:  Found 190 links
[2020-09-16 17:55:57,292] INFO:  Found 119 links
[2020-09-16 17:55:57,594] INFO:  Found 118 links
[2020-09-16 17:55:58,506] INFO:  Found 120 links
[2020-09-16 17:56:03,810] INFO:  Found 187 links
[2020-09-16 17:56:04,703] INFO:  Found 120 links
[2020-09-16 17:56:05,894] INFO:  Found 137 links
[2020-09-16 17:56:07,116] INFO:  Found 124 links
[2020-09-16 17:56:08,349] INFO:  Found 122 links
[2020-09-16 17:56:08,579] INFO:  Found 126 links
[2020-09-16 17:56:09,978] INFO:  Found 110 links
[2020-09-16 17:56:10,183] INFO:  Found 114 links
[2020-09-16 17:56:16,803] INFO:  Found 187 links
[2020-09-16 17:56:19,716] INFO:  Found 138 links
[2020-09-16 17:56:22,211] INFO:  Found 184 links
[2020-09-16 17:56:24,623] INFO:  Found 117 links
[2020-09-16 17:56:27,490] INFO:  Found 113 links
[2020-09-16 17:56:31,684] INFO:  Found 157 links
[2020-09-16 17:56:34,764] INFO:  Found 133 links
[2020-09-16 17:56:36,943] INFO:  Found 120 links
[2020-09-16 17:56:38,440] INFO:  Found 102 links
[2020-09-16 17:56:39,609] INFO:  Found 118 links
[2020-09-16 17:56:40,906] INFO:  Found 113 links
[2020-09-16 17:56:43,688] INFO:  Found 187 links
[2020-09-16 17:56:45,582] INFO:  Found 135 links
[2020-09-16 17:56:47,697] INFO:  Found 183 links
[2020-09-16 17:56:47,879] INFO:  Found 404 links
[2020-09-16 17:56:48,561] INFO:  Found 0 links
[2020-09-16 17:56:49,870] INFO:  Found 130 links
[2020-09-16 17:56:53,540] INFO:  Found 187 links
[2020-09-16 17:56:55,669] INFO:  Found 150 links
[2020-09-16 17:56:57,174] INFO:  Found 1 links
[2020-09-16 17:56:58,416] INFO:  Found 133 links
[2020-09-16 17:56:59,226] INFO:  Found 131 links
[2020-09-16 17:56:59,450] INFO:  Found 130 links
[2020-09-16 17:57:01,389] INFO:  Found 117 links
[2020-09-16 17:57:03,532] INFO:  Found 121 links
[2020-09-16 17:57:05,498] INFO:  Found 187 links
[2020-09-16 17:57:07,658] INFO:  Found 187 links
[2020-09-16 17:57:08,860] INFO:  Found 119 links
[2020-09-16 17:57:08,986] INFO:  Found 404 links
[2020-09-16 17:57:09,481] INFO:  Found 113 links
[2020-09-16 17:57:11,368] INFO:  Found 187 links
[2020-09-16 17:57:11,631] INFO:  Found 123 links
[2020-09-16 17:57:13,167] INFO:  Found 121 links
[2020-09-16 17:57:14,720] INFO:  Found 144 links
[2020-09-16 17:57:15,920] INFO:  Found 117 links
[2020-09-16 17:57:17,154] INFO:  Found 131 links
[2020-09-16 17:57:17,464] INFO:  Found 112 links
[2020-09-16 17:57:19,328] INFO:  Found 187 links
[2020-09-16 17:57:21,480] INFO:  Found 187 links
[2020-09-16 17:57:21,779] INFO:  Found 157 links
[2020-09-16 17:57:22,715] INFO:  Found 119 links
[2020-09-16 17:57:25,154] INFO:  Found 112 links
[2020-09-16 17:57:26,973] INFO:  Found 71 links
[2020-09-16 17:57:28,849] INFO:  Found 187 links
[2020-09-16 17:57:31,009] INFO:  Found 117 links
[2020-09-16 17:57:35,316] INFO:  Found 187 links
[2020-09-16 17:57:36,206] INFO:  Found 114 links
[2020-09-16 17:57:37,432] INFO:  Found 117 links
[2020-09-16 17:57:40,567] INFO:  Found 130 links
[2020-09-16 17:57:45,114] INFO:  Found 132 links
[2020-09-16 17:57:47,267] INFO:  Found 105 links
[2020-09-16 17:57:52,507] INFO:  Found 187 links
[2020-09-16 17:57:56,550] INFO:  Found 158 links
[2020-09-16 17:58:03,865] INFO:  Found 187 links
[2020-09-16 17:58:07,234] INFO:  Found 144 links
[2020-09-16 17:58:09,228] INFO:  Found 115 links
[2020-09-16 17:58:09,477] INFO:  Found 111 links
[2020-09-16 17:58:10,968] INFO:  Found 121 links
[2020-09-16 17:58:14,601] INFO:  Found 114 links
[2020-09-16 17:58:16,466] INFO:  Found 187 links
[2020-09-16 17:58:21,056] INFO:  Found 118 links
[2020-09-16 17:58:25,672] INFO:  Found 116 links
[2020-09-16 17:58:33,771] INFO:  Found 187 links
[2020-09-16 17:58:34,563] INFO:  Found 119 links
[2020-09-16 17:58:36,857] INFO:  Found 114 links
[2020-09-16 17:58:39,959] INFO:  Found 114 links
